c:\users\pranav\desktop\programming\windows programming\winrt\gui\firstuniversalapp\x64\debug\firstuniversalapp.pch
c:\users\pranav\desktop\programming\windows programming\winrt\gui\firstuniversalapp\x64\debug\vc142.pdb
c:\users\pranav\desktop\programming\windows programming\winrt\gui\firstuniversalapp\x64\debug\vc142.idb
c:\users\pranav\desktop\programming\windows programming\winrt\gui\firstuniversalapp\x64\debug\pch.obj
c:\users\pranav\desktop\programming\windows programming\winrt\gui\firstuniversalapp\x64\debug\mainpage.xaml.obj
c:\users\pranav\desktop\programming\windows programming\winrt\gui\firstuniversalapp\x64\debug\xamltypeinfo.impl.g.obj
c:\users\pranav\desktop\programming\windows programming\winrt\gui\firstuniversalapp\x64\debug\app.xaml.obj
c:\users\pranav\desktop\programming\windows programming\winrt\gui\firstuniversalapp\x64\debug\xamltypeinfo.g.obj
c:\users\pranav\desktop\programming\windows programming\winrt\gui\firstuniversalapp\x64\debug\firstuniversalapp\firstuniversalapp.winmd
c:\users\pranav\desktop\programming\windows programming\winrt\gui\firstuniversalapp\x64\debug\firstuniversalapp\firstuniversalapp.lib
c:\users\pranav\desktop\programming\windows programming\winrt\gui\firstuniversalapp\x64\debug\firstuniversalapp\firstuniversalapp.exp
c:\users\pranav\desktop\programming\windows programming\winrt\gui\firstuniversalapp\x64\debug\vcpkg.applocal.log
c:\users\pranav\desktop\programming\windows programming\winrt\gui\firstuniversalapp\generated files\app.g.h
c:\users\pranav\desktop\programming\windows programming\winrt\gui\firstuniversalapp\generated files\mainpage.g.h
c:\users\pranav\desktop\programming\windows programming\winrt\gui\firstuniversalapp\generated files\xamllibmetadataprovider.g.cpp
c:\users\pranav\desktop\programming\windows programming\winrt\gui\firstuniversalapp\generated files\xamltypeinfo.impl.g.cpp
c:\users\pranav\desktop\programming\windows programming\winrt\gui\firstuniversalapp\generated files\app.xaml
c:\users\pranav\desktop\programming\windows programming\winrt\gui\firstuniversalapp\generated files\mainpage.xaml
c:\users\pranav\desktop\programming\windows programming\winrt\gui\firstuniversalapp\generated files\app.xbf
c:\users\pranav\desktop\programming\windows programming\winrt\gui\firstuniversalapp\generated files\mainpage.xbf
c:\users\pranav\desktop\programming\windows programming\winrt\gui\firstuniversalapp\x64\debug\xamlsavestatefile.xml
c:\users\pranav\desktop\programming\windows programming\winrt\gui\firstuniversalapp\generated files\xamltypeinfo.g.cpp
c:\users\pranav\desktop\programming\windows programming\winrt\gui\firstuniversalapp\x64\debug\firstuniversalapp\app.xbf
c:\users\pranav\desktop\programming\windows programming\winrt\gui\firstuniversalapp\x64\debug\firstuniversalapp\mainpage.xbf
c:\users\pranav\desktop\programming\windows programming\winrt\gui\firstuniversalapp\x64\debug\resourcehandlingtask.state
c:\users\pranav\desktop\programming\windows programming\winrt\gui\firstuniversalapp\x64\debug\firstuniversalapp.vcxproj.generateresource.cache
c:\users\pranav\desktop\programming\windows programming\winrt\gui\firstuniversalapp\x64\debug\priconfig.xml
c:\users\pranav\desktop\programming\windows programming\winrt\gui\firstuniversalapp\x64\debug\priconfig.xml.intermediate
c:\users\pranav\desktop\programming\windows programming\winrt\gui\firstuniversalapp\x64\debug\unfiltered.layout.resfiles
c:\users\pranav\desktop\programming\windows programming\winrt\gui\firstuniversalapp\x64\debug\unfiltered.layout.resfiles.intermediate
c:\users\pranav\desktop\programming\windows programming\winrt\gui\firstuniversalapp\x64\debug\filtered.layout.resfiles
c:\users\pranav\desktop\programming\windows programming\winrt\gui\firstuniversalapp\x64\debug\filtered.layout.resfiles.intermediate
c:\users\pranav\desktop\programming\windows programming\winrt\gui\firstuniversalapp\x64\debug\excluded.layout.resfiles
c:\users\pranav\desktop\programming\windows programming\winrt\gui\firstuniversalapp\x64\debug\excluded.layout.resfiles.intermediate
c:\users\pranav\desktop\programming\windows programming\winrt\gui\firstuniversalapp\x64\debug\resources.resfiles
c:\users\pranav\desktop\programming\windows programming\winrt\gui\firstuniversalapp\x64\debug\resources.resfiles.intermediate
c:\users\pranav\desktop\programming\windows programming\winrt\gui\firstuniversalapp\x64\debug\pri.resfiles
c:\users\pranav\desktop\programming\windows programming\winrt\gui\firstuniversalapp\x64\debug\pri.resfiles.intermediate
c:\users\pranav\desktop\programming\windows programming\winrt\gui\firstuniversalapp\x64\debug\firstuniversalapp\resources.pri
c:\users\pranav\desktop\programming\windows programming\winrt\gui\firstuniversalapp\x64\debug\qualifiers.txt
c:\users\pranav\desktop\programming\windows programming\winrt\gui\firstuniversalapp\x64\debug\qualifiers.txt.intermediate
c:\users\pranav\desktop\programming\windows programming\winrt\gui\firstuniversalapp\x64\debug\multiplequalifiersperdimensionfound.txt
c:\users\pranav\desktop\programming\windows programming\winrt\gui\firstuniversalapp\x64\debug\projectarchitectures.txt
c:\users\pranav\desktop\programming\windows programming\winrt\gui\firstuniversalapp\x64\debug\firstuniversalapp\appxmanifest.xml
c:\users\pranav\desktop\programming\windows programming\winrt\gui\firstuniversalapp\x64\debug\firstuniversalapp\firstuniversalapp.build.appxrecipe
c:\users\pranav\desktop\programming\windows programming\winrt\gui\firstuniversalapp\x64\debug\firstuni.6e5fcf1b.tlog\firstuniversalapp.winmd.lastbuild
c:\users\pranav\desktop\programming\windows programming\winrt\gui\firstuniversalapp\x64\debug\firstuniversalapp\firstuniversalapp.ilk
c:\users\pranav\desktop\programming\windows programming\winrt\gui\firstuniversalapp\x64\debug\firstuniversalapp\firstuniversalapp.exe
c:\users\pranav\desktop\programming\windows programming\winrt\gui\firstuniversalapp\x64\debug\firstuniversalapp\firstuniversalapp.pdb
c:\users\pranav\desktop\programming\windows programming\winrt\gui\firstuniversalapp\x64\debug\firstuni.6e5fcf1b.tlog\cl.command.1.tlog
c:\users\pranav\desktop\programming\windows programming\winrt\gui\firstuniversalapp\x64\debug\firstuni.6e5fcf1b.tlog\cl.read.1.tlog
c:\users\pranav\desktop\programming\windows programming\winrt\gui\firstuniversalapp\x64\debug\firstuni.6e5fcf1b.tlog\cl.write.1.tlog
c:\users\pranav\desktop\programming\windows programming\winrt\gui\firstuniversalapp\x64\debug\firstuni.6e5fcf1b.tlog\firstuniversalapp.read.1u.tlog
c:\users\pranav\desktop\programming\windows programming\winrt\gui\firstuniversalapp\x64\debug\firstuni.6e5fcf1b.tlog\firstuniversalapp.write.1u.tlog
c:\users\pranav\desktop\programming\windows programming\winrt\gui\firstuniversalapp\x64\debug\firstuni.6e5fcf1b.tlog\link.command.1.tlog
c:\users\pranav\desktop\programming\windows programming\winrt\gui\firstuniversalapp\x64\debug\firstuni.6e5fcf1b.tlog\link.read.1.tlog
c:\users\pranav\desktop\programming\windows programming\winrt\gui\firstuniversalapp\x64\debug\firstuni.6e5fcf1b.tlog\link.write.1.tlog
c:\users\pranav\desktop\programming\windows programming\winrt\gui\firstuniversalapp\x64\debug\firstuni.6e5fcf1b.tlog\xaml.read.1u.tlog
c:\users\pranav\desktop\programming\windows programming\winrt\gui\firstuniversalapp\generated files\xamlbindinginfo.g.h
c:\users\pranav\desktop\programming\windows programming\winrt\gui\firstuniversalapp\generated files\xamltypeinfo.g.h
